[INFO  - 2016-09-30T09:29:27.694Z] GhostDriver - Main - running on port 3099
[INFO  - 2016-09-30T09:29:27.905Z] Session [623089c0-86f0-11e6-bf0c-efa061b9fdca] - page.settings - {"XSSAuditingEnabled":false,"javascriptCanCloseWindows":true,"javascriptCanOpenWindows":true,"javascriptEnabled":true,"loadImages":true,"localToRemoteUrlAccessEnabled":false,"userAgent":"Mozilla/5.0 (Unknown; Linux x86_64) AppleWebKit/538.1 (KHTML, like Gecko) PhantomJS/2.1.1 Safari/538.1","webSecurityEnabled":true}
[INFO  - 2016-09-30T09:29:27.905Z] Session [623089c0-86f0-11e6-bf0c-efa061b9fdca] - page.customHeaders:  - {}
[INFO  - 2016-09-30T09:29:27.906Z] Session [623089c0-86f0-11e6-bf0c-efa061b9fdca] - Session.negotiatedCapabilities - {"browserName":"phantomjs","version":"2.1.1","driverName":"ghostdriver","driverVersion":"1.2.0","platform":"linux-unknown-64bit","javascriptEnabled":true,"takesScreenshot":true,"handlesAlerts":false,"databaseEnabled":false,"locationContextEnabled":false,"applicationCacheEnabled":false,"browserConnectionEnabled":false,"cssSelectorsEnabled":true,"webStorageEnabled":false,"rotatable":false,"acceptSslCerts":false,"nativeEvents":true,"proxy":{"proxyType":"direct"}}
[INFO  - 2016-09-30T09:29:27.906Z] SessionManagerReqHand - _postNewSessionCommand - New Session Created: 623089c0-86f0-11e6-bf0c-efa061b9fdca
[INFO  - 2016-09-30T09:34:27.699Z] SessionManagerReqHand - _cleanupWindowlessSessions - Asynchronous Sessions clean-up phase starting NOW
[INFO  - 2016-09-30T09:38:30.129Z] GhostDriver - Main - running on port 19036
[INFO  - 2016-09-30T09:38:30.191Z] Session [a56ad0a0-86f1-11e6-8fe6-d5b4fe2b7969] - page.settings - {"XSSAuditingEnabled":false,"javascriptCanCloseWindows":true,"javascriptCanOpenWindows":true,"javascriptEnabled":true,"loadImages":true,"localToRemoteUrlAccessEnabled":false,"userAgent":"Mozilla/5.0 (Unknown; Linux x86_64) AppleWebKit/538.1 (KHTML, like Gecko) PhantomJS/2.1.1 Safari/538.1","webSecurityEnabled":true}
[INFO  - 2016-09-30T09:38:30.191Z] Session [a56ad0a0-86f1-11e6-8fe6-d5b4fe2b7969] - page.customHeaders:  - {}
[INFO  - 2016-09-30T09:38:30.192Z] Session [a56ad0a0-86f1-11e6-8fe6-d5b4fe2b7969] - Session.negotiatedCapabilities - {"browserName":"phantomjs","version":"2.1.1","driverName":"ghostdriver","driverVersion":"1.2.0","platform":"linux-unknown-64bit","javascriptEnabled":true,"takesScreenshot":true,"handlesAlerts":false,"databaseEnabled":false,"locationContextEnabled":false,"applicationCacheEnabled":false,"browserConnectionEnabled":false,"cssSelectorsEnabled":true,"webStorageEnabled":false,"rotatable":false,"acceptSslCerts":false,"nativeEvents":true,"proxy":{"proxyType":"direct"}}
[INFO  - 2016-09-30T09:38:30.192Z] SessionManagerReqHand - _postNewSessionCommand - New Session Created: a56ad0a0-86f1-11e6-8fe6-d5b4fe2b7969
[INFO  - 2016-09-30T09:39:27.699Z] SessionManagerReqHand - _cleanupWindowlessSessions - Asynchronous Sessions clean-up phase starting NOW
[INFO  - 2016-09-30T09:43:30.129Z] SessionManagerReqHand - _cleanupWindowlessSessions - Asynchronous Sessions clean-up phase starting NOW
[INFO  - 2016-09-30T09:44:27.700Z] SessionManagerReqHand - _cleanupWindowlessSessions - Asynchronous Sessions clean-up phase starting NOW
[INFO  - 2016-09-30T09:49:27.699Z] SessionManagerReqHand - _cleanupWindowlessSessions - Asynchronous Sessions clean-up phase starting NOW
[INFO  - 2016-09-30T09:52:01.439Z] GhostDriver - Main - running on port 18601
[INFO  - 2016-09-30T09:52:01.494Z] Session [88fdd410-86f3-11e6-a878-ed2d08ece229] - page.settings - {"XSSAuditingEnabled":false,"javascriptCanCloseWindows":true,"javascriptCanOpenWindows":true,"javascriptEnabled":true,"loadImages":true,"localToRemoteUrlAccessEnabled":false,"userAgent":"Mozilla/5.0 (Unknown; Linux x86_64) AppleWebKit/538.1 (KHTML, like Gecko) PhantomJS/2.1.1 Safari/538.1","webSecurityEnabled":true}
[INFO  - 2016-09-30T09:52:01.494Z] Session [88fdd410-86f3-11e6-a878-ed2d08ece229] - page.customHeaders:  - {}
[INFO  - 2016-09-30T09:52:01.495Z] Session [88fdd410-86f3-11e6-a878-ed2d08ece229] - Session.negotiatedCapabilities - {"browserName":"phantomjs","version":"2.1.1","driverName":"ghostdriver","driverVersion":"1.2.0","platform":"linux-unknown-64bit","javascriptEnabled":true,"takesScreenshot":true,"handlesAlerts":false,"databaseEnabled":false,"locationContextEnabled":false,"applicationCacheEnabled":false,"browserConnectionEnabled":false,"cssSelectorsEnabled":true,"webStorageEnabled":false,"rotatable":false,"acceptSslCerts":false,"nativeEvents":true,"proxy":{"proxyType":"direct"}}
[INFO  - 2016-09-30T09:52:01.495Z] SessionManagerReqHand - _postNewSessionCommand - New Session Created: 88fdd410-86f3-11e6-a878-ed2d08ece229
[INFO  - 2016-09-30T09:54:27.699Z] SessionManagerReqHand - _cleanupWindowlessSessions - Asynchronous Sessions clean-up phase starting NOW
[INFO  - 2016-09-30T09:57:01.443Z] SessionManagerReqHand - _cleanupWindowlessSessions - Asynchronous Sessions clean-up phase starting NOW
[INFO  - 2016-09-30T10:02:01.449Z] SessionManagerReqHand - _cleanupWindowlessSessions - Asynchronous Sessions clean-up phase starting NOW
[INFO  - 2016-09-30T10:04:22.820Z] GhostDriver - Main - running on port 22753
[INFO  - 2016-09-30T10:04:22.873Z] Session [42e34940-86f5-11e6-950c-ed140f468237] - page.settings - {"XSSAuditingEnabled":false,"javascriptCanCloseWindows":true,"javascriptCanOpenWindows":true,"javascriptEnabled":true,"loadImages":true,"localToRemoteUrlAccessEnabled":false,"userAgent":"Mozilla/5.0 (Unknown; Linux x86_64) AppleWebKit/538.1 (KHTML, like Gecko) PhantomJS/2.1.1 Safari/538.1","webSecurityEnabled":true}
[INFO  - 2016-09-30T10:04:22.873Z] Session [42e34940-86f5-11e6-950c-ed140f468237] - page.customHeaders:  - {}
[INFO  - 2016-09-30T10:04:22.874Z] Session [42e34940-86f5-11e6-950c-ed140f468237] - Session.negotiatedCapabilities - {"browserName":"phantomjs","version":"2.1.1","driverName":"ghostdriver","driverVersion":"1.2.0","platform":"linux-unknown-64bit","javascriptEnabled":true,"takesScreenshot":true,"handlesAlerts":false,"databaseEnabled":false,"locationContextEnabled":false,"applicationCacheEnabled":false,"browserConnectionEnabled":false,"cssSelectorsEnabled":true,"webStorageEnabled":false,"rotatable":false,"acceptSslCerts":false,"nativeEvents":true,"proxy":{"proxyType":"direct"}}
[INFO  - 2016-09-30T10:04:22.874Z] SessionManagerReqHand - _postNewSessionCommand - New Session Created: 42e34940-86f5-11e6-950c-ed140f468237
[INFO  - 2016-09-30T10:07:01.449Z] SessionManagerReqHand - _cleanupWindowlessSessions - Asynchronous Sessions clean-up phase starting NOW
[INFO  - 2016-09-30T10:09:22.824Z] SessionManagerReqHand - _cleanupWindowlessSessions - Asynchronous Sessions clean-up phase starting NOW
[INFO  - 2016-09-30T10:11:01.174Z] GhostDriver - Main - running on port 28462
[INFO  - 2016-09-30T10:11:01.225Z] Session [3052fa40-86f6-11e6-bc22-b5b9f906172e] - page.settings - {"XSSAuditingEnabled":false,"javascriptCanCloseWindows":true,"javascriptCanOpenWindows":true,"javascriptEnabled":true,"loadImages":true,"localToRemoteUrlAccessEnabled":false,"userAgent":"Mozilla/5.0 (Unknown; Linux x86_64) AppleWebKit/538.1 (KHTML, like Gecko) PhantomJS/2.1.1 Safari/538.1","webSecurityEnabled":true}
[INFO  - 2016-09-30T10:11:01.225Z] Session [3052fa40-86f6-11e6-bc22-b5b9f906172e] - page.customHeaders:  - {}
[INFO  - 2016-09-30T10:11:01.226Z] Session [3052fa40-86f6-11e6-bc22-b5b9f906172e] - Session.negotiatedCapabilities - {"browserName":"phantomjs","version":"2.1.1","driverName":"ghostdriver","driverVersion":"1.2.0","platform":"linux-unknown-64bit","javascriptEnabled":true,"takesScreenshot":true,"handlesAlerts":false,"databaseEnabled":false,"locationContextEnabled":false,"applicationCacheEnabled":false,"browserConnectionEnabled":false,"cssSelectorsEnabled":true,"webStorageEnabled":false,"rotatable":false,"acceptSslCerts":false,"nativeEvents":true,"proxy":{"proxyType":"direct"}}
[INFO  - 2016-09-30T10:11:01.226Z] SessionManagerReqHand - _postNewSessionCommand - New Session Created: 3052fa40-86f6-11e6-bc22-b5b9f906172e
[INFO  - 2016-09-30T10:12:01.450Z] SessionManagerReqHand - _cleanupWindowlessSessions - Asynchronous Sessions clean-up phase starting NOW
[INFO  - 2016-09-30T10:14:22.825Z] SessionManagerReqHand - _cleanupWindowlessSessions - Asynchronous Sessions clean-up phase starting NOW
[INFO  - 2016-09-30T10:16:01.176Z] SessionManagerReqHand - _cleanupWindowlessSessions - Asynchronous Sessions clean-up phase starting NOW
[INFO  - 2016-09-30T10:17:01.449Z] SessionManagerReqHand - _cleanupWindowlessSessions - Asynchronous Sessions clean-up phase starting NOW
[INFO  - 2016-09-30T10:18:30.043Z] GhostDriver - Main - running on port 20522
[INFO  - 2016-09-30T10:18:30.196Z] Session [3bee35d0-86f7-11e6-a4eb-8db370a389f9] - page.settings - {"XSSAuditingEnabled":false,"javascriptCanCloseWindows":true,"javascriptCanOpenWindows":true,"javascriptEnabled":true,"loadImages":true,"localToRemoteUrlAccessEnabled":false,"userAgent":"Mozilla/5.0 (Unknown; Linux x86_64) AppleWebKit/538.1 (KHTML, like Gecko) PhantomJS/2.1.1 Safari/538.1","webSecurityEnabled":true}
[INFO  - 2016-09-30T10:18:30.196Z] Session [3bee35d0-86f7-11e6-a4eb-8db370a389f9] - page.customHeaders:  - {}
[INFO  - 2016-09-30T10:18:30.196Z] Session [3bee35d0-86f7-11e6-a4eb-8db370a389f9] - Session.negotiatedCapabilities - {"browserName":"phantomjs","version":"2.1.1","driverName":"ghostdriver","driverVersion":"1.2.0","platform":"linux-unknown-64bit","javascriptEnabled":true,"takesScreenshot":true,"handlesAlerts":false,"databaseEnabled":false,"locationContextEnabled":false,"applicationCacheEnabled":false,"browserConnectionEnabled":false,"cssSelectorsEnabled":true,"webStorageEnabled":false,"rotatable":false,"acceptSslCerts":false,"nativeEvents":true,"proxy":{"proxyType":"direct"}}
[INFO  - 2016-09-30T10:18:30.197Z] SessionManagerReqHand - _postNewSessionCommand - New Session Created: 3bee35d0-86f7-11e6-a4eb-8db370a389f9
[INFO  - 2016-09-30T10:21:01.177Z] SessionManagerReqHand - _cleanupWindowlessSessions - Asynchronous Sessions clean-up phase starting NOW
[INFO  - 2016-09-30T10:22:01.553Z] SessionManagerReqHand - _cleanupWindowlessSessions - Asynchronous Sessions clean-up phase starting NOW
[INFO  - 2016-09-30T10:26:01.177Z] SessionManagerReqHand - _cleanupWindowlessSessions - Asynchronous Sessions clean-up phase starting NOW
[INFO  - 2016-09-30T10:27:01.552Z] SessionManagerReqHand - _cleanupWindowlessSessions - Asynchronous Sessions clean-up phase starting NOW
[INFO  - 2016-09-30T10:27:59.624Z] GhostDriver - Main - running on port 21596
[INFO  - 2016-09-30T10:27:59.678Z] Session [8f5e9290-86f8-11e6-ba00-13b6f0cd7471] - page.settings - {"XSSAuditingEnabled":false,"javascriptCanCloseWindows":true,"javascriptCanOpenWindows":true,"javascriptEnabled":true,"loadImages":true,"localToRemoteUrlAccessEnabled":false,"userAgent":"Mozilla/5.0 (Unknown; Linux x86_64) AppleWebKit/538.1 (KHTML, like Gecko) PhantomJS/2.1.1 Safari/538.1","webSecurityEnabled":true}
[INFO  - 2016-09-30T10:27:59.678Z] Session [8f5e9290-86f8-11e6-ba00-13b6f0cd7471] - page.customHeaders:  - {}
[INFO  - 2016-09-30T10:27:59.678Z] Session [8f5e9290-86f8-11e6-ba00-13b6f0cd7471] - Session.negotiatedCapabilities - {"browserName":"phantomjs","version":"2.1.1","driverName":"ghostdriver","driverVersion":"1.2.0","platform":"linux-unknown-64bit","javascriptEnabled":true,"takesScreenshot":true,"handlesAlerts":false,"databaseEnabled":false,"locationContextEnabled":false,"applicationCacheEnabled":false,"browserConnectionEnabled":false,"cssSelectorsEnabled":true,"webStorageEnabled":false,"rotatable":false,"acceptSslCerts":false,"nativeEvents":true,"proxy":{"proxyType":"direct"}}
[INFO  - 2016-09-30T10:27:59.678Z] SessionManagerReqHand - _postNewSessionCommand - New Session Created: 8f5e9290-86f8-11e6-ba00-13b6f0cd7471
[ERROR - 2016-09-30T10:28:28.394Z] RouterReqHand - _handle.error - {"name":"Unknown Command","message":"{\"headers\":{\"Host\":\"kiwiproxychecker.sioru.com\"},\"httpVersion\":\"1.0\",\"method\":\"GET\",\"url\":\"/\",\"urlParsed\":{\"anchor\":\"\",\"query\":\"\",\"file\":\"\",\"directory\":\"/\",\"path\":\"/\",\"relative\":\"/\",\"port\":\"\",\"host\":\"\",\"password\":\"\",\"user\":\"\",\"userInfo\":\"\",\"authority\":\"\",\"protocol\":\"\",\"source\":\"/\",\"queryKey\":{},\"chunks\":[\"\"]}}","line":83,"sourceURL":"phantomjs://code/router_request_handler.js","stack":"_handle@phantomjs://code/router_request_handler.js:83:68"}
[ERROR - 2016-09-30T10:28:30.413Z] RouterReqHand - _handle.error - {"name":"Unknown Command","message":"{\"headers\":{\"Host\":\"kiwiproxychecker.sioru.com\"},\"httpVersion\":\"1.0\",\"method\":\"GET\",\"url\":\"/\",\"urlParsed\":{\"anchor\":\"\",\"query\":\"\",\"file\":\"\",\"directory\":\"/\",\"path\":\"/\",\"relative\":\"/\",\"port\":\"\",\"host\":\"\",\"password\":\"\",\"user\":\"\",\"userInfo\":\"\",\"authority\":\"\",\"protocol\":\"\",\"source\":\"/\",\"queryKey\":{},\"chunks\":[\"\"]}}","line":83,"sourceURL":"phantomjs://code/router_request_handler.js","stack":"_handle@phantomjs://code/router_request_handler.js:83:68"}
[ERROR - 2016-09-30T10:28:30.419Z] RouterReqHand - _handle.error - {"name":"Unknown Command","message":"{\"headers\":{\"Host\":\"kiwiproxychecker.sioru.com\"},\"httpVersion\":\"1.0\",\"method\":\"GET\",\"url\":\"/\",\"urlParsed\":{\"anchor\":\"\",\"query\":\"\",\"file\":\"\",\"directory\":\"/\",\"path\":\"/\",\"relative\":\"/\",\"port\":\"\",\"host\":\"\",\"password\":\"\",\"user\":\"\",\"userInfo\":\"\",\"authority\":\"\",\"protocol\":\"\",\"source\":\"/\",\"queryKey\":{},\"chunks\":[\"\"]}}","line":83,"sourceURL":"phantomjs://code/router_request_handler.js","stack":"_handle@phantomjs://code/router_request_handler.js:83:68"}
[INFO  - 2016-09-30T10:30:04.875Z] GhostDriver - Main - running on port 16852
[INFO  - 2016-09-30T10:30:04.930Z] Session [da06a9e0-86f8-11e6-81e7-4d7bd7c039d6] - page.settings - {"XSSAuditingEnabled":false,"javascriptCanCloseWindows":true,"javascriptCanOpenWindows":true,"javascriptEnabled":true,"loadImages":true,"localToRemoteUrlAccessEnabled":false,"userAgent":"Mozilla/5.0 (Unknown; Linux x86_64) AppleWebKit/538.1 (KHTML, like Gecko) PhantomJS/2.1.1 Safari/538.1","webSecurityEnabled":true}
[INFO  - 2016-09-30T10:30:04.931Z] Session [da06a9e0-86f8-11e6-81e7-4d7bd7c039d6] - page.customHeaders:  - {}
[INFO  - 2016-09-30T10:30:04.931Z] Session [da06a9e0-86f8-11e6-81e7-4d7bd7c039d6] - Session.negotiatedCapabilities - {"browserName":"phantomjs","version":"2.1.1","driverName":"ghostdriver","driverVersion":"1.2.0","platform":"linux-unknown-64bit","javascriptEnabled":true,"takesScreenshot":true,"handlesAlerts":false,"databaseEnabled":false,"locationContextEnabled":false,"applicationCacheEnabled":false,"browserConnectionEnabled":false,"cssSelectorsEnabled":true,"webStorageEnabled":false,"rotatable":false,"acceptSslCerts":false,"nativeEvents":true,"proxy":{"proxyType":"direct"}}
[INFO  - 2016-09-30T10:30:04.931Z] SessionManagerReqHand - _postNewSessionCommand - New Session Created: da06a9e0-86f8-11e6-81e7-4d7bd7c039d6
[INFO  - 2016-09-30T10:31:01.176Z] SessionManagerReqHand - _cleanupWindowlessSessions - Asynchronous Sessions clean-up phase starting NOW
[INFO  - 2016-09-30T10:32:01.552Z] SessionManagerReqHand - _cleanupWindowlessSessions - Asynchronous Sessions clean-up phase starting NOW
[INFO  - 2016-09-30T10:32:59.626Z] SessionManagerReqHand - _cleanupWindowlessSessions - Asynchronous Sessions clean-up phase starting NOW
[INFO  - 2016-09-30T10:36:01.176Z] SessionManagerReqHand - _cleanupWindowlessSessions - Asynchronous Sessions clean-up phase starting NOW
[INFO  - 2016-09-30T10:37:01.552Z] SessionManagerReqHand - _cleanupWindowlessSessions - Asynchronous Sessions clean-up phase starting NOW
[INFO  - 2016-09-30T10:37:59.626Z] SessionManagerReqHand - _cleanupWindowlessSessions - Asynchronous Sessions clean-up phase starting NOW
[INFO  - 2016-09-30T10:41:01.176Z] SessionManagerReqHand - _cleanupWindowlessSessions - Asynchronous Sessions clean-up phase starting NOW
[INFO  - 2016-09-30T10:42:01.552Z] SessionManagerReqHand - _cleanupWindowlessSessions - Asynchronous Sessions clean-up phase starting NOW
[INFO  - 2016-09-30T10:42:59.625Z] SessionManagerReqHand - _cleanupWindowlessSessions - Asynchronous Sessions clean-up phase starting NOW
[INFO  - 2016-09-30T10:46:01.176Z] SessionManagerReqHand - _cleanupWindowlessSessions - Asynchronous Sessions clean-up phase starting NOW
[INFO  - 2016-09-30T10:47:01.552Z] SessionManagerReqHand - _cleanupWindowlessSessions - Asynchronous Sessions clean-up phase starting NOW
[INFO  - 2016-09-30T10:47:59.625Z] SessionManagerReqHand - _cleanupWindowlessSessions - Asynchronous Sessions clean-up phase starting NOW
[INFO  - 2016-09-30T10:51:01.176Z] SessionManagerReqHand - _cleanupWindowlessSessions - Asynchronous Sessions clean-up phase starting NOW
[INFO  - 2016-09-30T10:52:01.552Z] SessionManagerReqHand - _cleanupWindowlessSessions - Asynchronous Sessions clean-up phase starting NOW
[INFO  - 2016-09-30T10:52:59.625Z] SessionManagerReqHand - _cleanupWindowlessSessions - Asynchronous Sessions clean-up phase starting NOW
[INFO  - 2016-09-30T10:56:01.176Z] SessionManagerReqHand - _cleanupWindowlessSessions - Asynchronous Sessions clean-up phase starting NOW
[INFO  - 2016-09-30T10:57:01.552Z] SessionManagerReqHand - _cleanupWindowlessSessions - Asynchronous Sessions clean-up phase starting NOW
[INFO  - 2016-09-30T10:57:59.625Z] SessionManagerReqHand - _cleanupWindowlessSessions - Asynchronous Sessions clean-up phase starting NOW
[INFO  - 2016-09-30T11:01:01.176Z] SessionManagerReqHand - _cleanupWindowlessSessions - Asynchronous Sessions clean-up phase starting NOW
[INFO  - 2016-09-30T11:02:01.552Z] SessionManagerReqHand - _cleanupWindowlessSessions - Asynchronous Sessions clean-up phase starting NOW
[INFO  - 2016-09-30T11:02:59.625Z] SessionManagerReqHand - _cleanupWindowlessSessions - Asynchronous Sessions clean-up phase starting NOW
[INFO  - 2016-09-30T11:06:01.176Z] SessionManagerReqHand - _cleanupWindowlessSessions - Asynchronous Sessions clean-up phase starting NOW
[INFO  - 2016-09-30T11:07:01.552Z] SessionManagerReqHand - _cleanupWindowlessSessions - Asynchronous Sessions clean-up phase starting NOW
[INFO  - 2016-09-30T11:07:59.625Z] SessionManagerReqHand - _cleanupWindowlessSessions - Asynchronous Sessions clean-up phase starting NOW
[INFO  - 2016-09-30T11:11:01.176Z] SessionManagerReqHand - _cleanupWindowlessSessions - Asynchronous Sessions clean-up phase starting NOW
[INFO  - 2016-09-30T11:12:01.552Z] SessionManagerReqHand - _cleanupWindowlessSessions - Asynchronous Sessions clean-up phase starting NOW
[INFO  - 2016-09-30T11:12:59.625Z] SessionManagerReqHand - _cleanupWindowlessSessions - Asynchronous Sessions clean-up phase starting NOW
[INFO  - 2016-09-30T11:16:01.176Z] SessionManagerReqHand - _cleanupWindowlessSessions - Asynchronous Sessions clean-up phase starting NOW
[INFO  - 2016-09-30T11:17:01.552Z] SessionManagerReqHand - _cleanupWindowlessSessions - Asynchronous Sessions clean-up phase starting NOW
[INFO  - 2016-09-30T11:17:59.625Z] SessionManagerReqHand - _cleanupWindowlessSessions - Asynchronous Sessions clean-up phase starting NOW
[INFO  - 2016-09-30T11:21:01.176Z] SessionManagerReqHand - _cleanupWindowlessSessions - Asynchronous Sessions clean-up phase starting NOW
[INFO  - 2016-09-30T11:22:01.552Z] SessionManagerReqHand - _cleanupWindowlessSessions - Asynchronous Sessions clean-up phase starting NOW
[INFO  - 2016-09-30T11:22:59.625Z] SessionManagerReqHand - _cleanupWindowlessSessions - Asynchronous Sessions clean-up phase starting NOW
[INFO  - 2016-09-30T11:26:01.176Z] SessionManagerReqHand - _cleanupWindowlessSessions - Asynchronous Sessions clean-up phase starting NOW
[INFO  - 2016-09-30T11:27:01.552Z] SessionManagerReqHand - _cleanupWindowlessSessions - Asynchronous Sessions clean-up phase starting NOW
[INFO  - 2016-09-30T11:27:59.625Z] SessionManagerReqHand - _cleanupWindowlessSessions - Asynchronous Sessions clean-up phase starting NOW
[ERROR - 2016-09-30T11:28:25.111Z] RouterReqHand - _handle.error - {"name":"Unknown Command","message":"{\"headers\":{\"Host\":\"kiwiproxychecker.sioru.com\"},\"httpVersion\":\"1.0\",\"method\":\"GET\",\"url\":\"/\",\"urlParsed\":{\"anchor\":\"\",\"query\":\"\",\"file\":\"\",\"directory\":\"/\",\"path\":\"/\",\"relative\":\"/\",\"port\":\"\",\"host\":\"\",\"password\":\"\",\"user\":\"\",\"userInfo\":\"\",\"authority\":\"\",\"protocol\":\"\",\"source\":\"/\",\"queryKey\":{},\"chunks\":[\"\"]}}","line":83,"sourceURL":"phantomjs://code/router_request_handler.js","stack":"_handle@phantomjs://code/router_request_handler.js:83:68"}
[ERROR - 2016-09-30T11:28:27.127Z] RouterReqHand - _handle.error - {"name":"Unknown Command","message":"{\"headers\":{\"Host\":\"kiwiproxychecker.sioru.com\"},\"httpVersion\":\"1.0\",\"method\":\"GET\",\"url\":\"/\",\"urlParsed\":{\"anchor\":\"\",\"query\":\"\",\"file\":\"\",\"directory\":\"/\",\"path\":\"/\",\"relative\":\"/\",\"port\":\"\",\"host\":\"\",\"password\":\"\",\"user\":\"\",\"userInfo\":\"\",\"authority\":\"\",\"protocol\":\"\",\"source\":\"/\",\"queryKey\":{},\"chunks\":[\"\"]}}","line":83,"sourceURL":"phantomjs://code/router_request_handler.js","stack":"_handle@phantomjs://code/router_request_handler.js:83:68"}
[ERROR - 2016-09-30T11:28:27.131Z] RouterReqHand - _handle.error - {"name":"Unknown Command","message":"{\"headers\":{\"Host\":\"kiwiproxychecker.sioru.com\"},\"httpVersion\":\"1.0\",\"method\":\"GET\",\"url\":\"/\",\"urlParsed\":{\"anchor\":\"\",\"query\":\"\",\"file\":\"\",\"directory\":\"/\",\"path\":\"/\",\"relative\":\"/\",\"port\":\"\",\"host\":\"\",\"password\":\"\",\"user\":\"\",\"userInfo\":\"\",\"authority\":\"\",\"protocol\":\"\",\"source\":\"/\",\"queryKey\":{},\"chunks\":[\"\"]}}","line":83,"sourceURL":"phantomjs://code/router_request_handler.js","stack":"_handle@phantomjs://code/router_request_handler.js:83:68"}
[INFO  - 2016-09-30T11:31:01.176Z] SessionManagerReqHand - _cleanupWindowlessSessions - Asynchronous Sessions clean-up phase starting NOW
[INFO  - 2016-09-30T11:32:01.552Z] SessionManagerReqHand - _cleanupWindowlessSessions - Asynchronous Sessions clean-up phase starting NOW
[INFO  - 2016-09-30T11:32:59.625Z] SessionManagerReqHand - _cleanupWindowlessSessions - Asynchronous Sessions clean-up phase starting NOW
[INFO  - 2016-09-30T11:36:01.176Z] SessionManagerReqHand - _cleanupWindowlessSessions - Asynchronous Sessions clean-up phase starting NOW
[INFO  - 2016-09-30T11:37:01.552Z] SessionManagerReqHand - _cleanupWindowlessSessions - Asynchronous Sessions clean-up phase starting NOW
[INFO  - 2016-09-30T11:37:59.625Z] SessionManagerReqHand - _cleanupWindowlessSessions - Asynchronous Sessions clean-up phase starting NOW
[INFO  - 2016-09-30T11:41:01.176Z] SessionManagerReqHand - _cleanupWindowlessSessions - Asynchronous Sessions clean-up phase starting NOW
[INFO  - 2016-09-30T11:42:01.552Z] SessionManagerReqHand - _cleanupWindowlessSessions - Asynchronous Sessions clean-up phase starting NOW
[INFO  - 2016-09-30T11:42:59.625Z] SessionManagerReqHand - _cleanupWindowlessSessions - Asynchronous Sessions clean-up phase starting NOW
[INFO  - 2016-09-30T11:46:01.176Z] SessionManagerReqHand - _cleanupWindowlessSessions - Asynchronous Sessions clean-up phase starting NOW
[INFO  - 2016-09-30T11:47:01.552Z] SessionManagerReqHand - _cleanupWindowlessSessions - Asynchronous Sessions clean-up phase starting NOW
[INFO  - 2016-09-30T11:47:59.625Z] SessionManagerReqHand - _cleanupWindowlessSessions - Asynchronous Sessions clean-up phase starting NOW
[INFO  - 2016-09-30T11:51:01.176Z] SessionManagerReqHand - _cleanupWindowlessSessions - Asynchronous Sessions clean-up phase starting NOW
[INFO  - 2016-09-30T11:52:01.552Z] SessionManagerReqHand - _cleanupWindowlessSessions - Asynchronous Sessions clean-up phase starting NOW
[INFO  - 2016-09-30T11:52:59.625Z] SessionManagerReqHand - _cleanupWindowlessSessions - Asynchronous Sessions clean-up phase starting NOW
[INFO  - 2016-09-30T11:56:01.176Z] SessionManagerReqHand - _cleanupWindowlessSessions - Asynchronous Sessions clean-up phase starting NOW
[INFO  - 2016-09-30T11:57:01.552Z] SessionManagerReqHand - _cleanupWindowlessSessions - Asynchronous Sessions clean-up phase starting NOW
[INFO  - 2016-09-30T11:57:59.626Z] SessionManagerReqHand - _cleanupWindowlessSessions - Asynchronous Sessions clean-up phase starting NOW
[INFO  - 2016-09-30T12:01:01.176Z] SessionManagerReqHand - _cleanupWindowlessSessions - Asynchronous Sessions clean-up phase starting NOW
[INFO  - 2016-09-30T12:02:01.552Z] SessionManagerReqHand - _cleanupWindowlessSessions - Asynchronous Sessions clean-up phase starting NOW
[INFO  - 2016-09-30T12:02:59.626Z] SessionManagerReqHand - _cleanupWindowlessSessions - Asynchronous Sessions clean-up phase starting NOW
[INFO  - 2016-09-30T12:06:01.176Z] SessionManagerReqHand - _cleanupWindowlessSessions - Asynchronous Sessions clean-up phase starting NOW
[INFO  - 2016-09-30T12:07:01.552Z] SessionManagerReqHand - _cleanupWindowlessSessions - Asynchronous Sessions clean-up phase starting NOW
[INFO  - 2016-09-30T12:07:59.626Z] SessionManagerReqHand - _cleanupWindowlessSessions - Asynchronous Sessions clean-up phase starting NOW
[INFO  - 2016-09-30T12:11:01.176Z] SessionManagerReqHand - _cleanupWindowlessSessions - Asynchronous Sessions clean-up phase starting NOW
[INFO  - 2016-09-30T12:12:01.552Z] SessionManagerReqHand - _cleanupWindowlessSessions - Asynchronous Sessions clean-up phase starting NOW
[INFO  - 2016-09-30T12:12:59.626Z] SessionManagerReqHand - _cleanupWindowlessSessions - Asynchronous Sessions clean-up phase starting NOW
[INFO  - 2016-09-30T12:16:01.176Z] SessionManagerReqHand - _cleanupWindowlessSessions - Asynchronous Sessions clean-up phase starting NOW
[INFO  - 2016-09-30T12:17:01.552Z] SessionManagerReqHand - _cleanupWindowlessSessions - Asynchronous Sessions clean-up phase starting NOW
[INFO  - 2016-09-30T12:17:59.625Z] SessionManagerReqHand - _cleanupWindowlessSessions - Asynchronous Sessions clean-up phase starting NOW
[INFO  - 2016-09-30T12:21:01.176Z] SessionManagerReqHand - _cleanupWindowlessSessions - Asynchronous Sessions clean-up phase starting NOW
[INFO  - 2016-09-30T12:22:01.552Z] SessionManagerReqHand - _cleanupWindowlessSessions - Asynchronous Sessions clean-up phase starting NOW
[INFO  - 2016-09-30T12:22:59.626Z] SessionManagerReqHand - _cleanupWindowlessSessions - Asynchronous Sessions clean-up phase starting NOW
[INFO  - 2016-09-30T12:26:01.176Z] SessionManagerReqHand - _cleanupWindowlessSessions - Asynchronous Sessions clean-up phase starting NOW
[INFO  - 2016-09-30T12:27:01.552Z] SessionManagerReqHand - _cleanupWindowlessSessions - Asynchronous Sessions clean-up phase starting NOW
[INFO  - 2016-09-30T12:27:59.626Z] SessionManagerReqHand - _cleanupWindowlessSessions - Asynchronous Sessions clean-up phase starting NOW
[ERROR - 2016-09-30T12:28:27.441Z] RouterReqHand - _handle.error - {"name":"Unknown Command","message":"{\"headers\":{\"Host\":\"kiwiproxychecker.sioru.com\"},\"httpVersion\":\"1.0\",\"method\":\"GET\",\"url\":\"/\",\"urlParsed\":{\"anchor\":\"\",\"query\":\"\",\"file\":\"\",\"directory\":\"/\",\"path\":\"/\",\"relative\":\"/\",\"port\":\"\",\"host\":\"\",\"password\":\"\",\"user\":\"\",\"userInfo\":\"\",\"authority\":\"\",\"protocol\":\"\",\"source\":\"/\",\"queryKey\":{},\"chunks\":[\"\"]}}","line":83,"sourceURL":"phantomjs://code/router_request_handler.js","stack":"_handle@phantomjs://code/router_request_handler.js:83:68"}
[ERROR - 2016-09-30T12:28:29.450Z] RouterReqHand - _handle.error - {"name":"Unknown Command","message":"{\"headers\":{\"Host\":\"kiwiproxychecker.sioru.com\"},\"httpVersion\":\"1.0\",\"method\":\"GET\",\"url\":\"/\",\"urlParsed\":{\"anchor\":\"\",\"query\":\"\",\"file\":\"\",\"directory\":\"/\",\"path\":\"/\",\"relative\":\"/\",\"port\":\"\",\"host\":\"\",\"password\":\"\",\"user\":\"\",\"userInfo\":\"\",\"authority\":\"\",\"protocol\":\"\",\"source\":\"/\",\"queryKey\":{},\"chunks\":[\"\"]}}","line":83,"sourceURL":"phantomjs://code/router_request_handler.js","stack":"_handle@phantomjs://code/router_request_handler.js:83:68"}
[ERROR - 2016-09-30T12:28:29.453Z] RouterReqHand - _handle.error - {"name":"Unknown Command","message":"{\"headers\":{\"Host\":\"kiwiproxychecker.sioru.com\"},\"httpVersion\":\"1.0\",\"method\":\"GET\",\"url\":\"/\",\"urlParsed\":{\"anchor\":\"\",\"query\":\"\",\"file\":\"\",\"directory\":\"/\",\"path\":\"/\",\"relative\":\"/\",\"port\":\"\",\"host\":\"\",\"password\":\"\",\"user\":\"\",\"userInfo\":\"\",\"authority\":\"\",\"protocol\":\"\",\"source\":\"/\",\"queryKey\":{},\"chunks\":[\"\"]}}","line":83,"sourceURL":"phantomjs://code/router_request_handler.js","stack":"_handle@phantomjs://code/router_request_handler.js:83:68"}
[INFO  - 2016-09-30T12:31:01.176Z] SessionManagerReqHand - _cleanupWindowlessSessions - Asynchronous Sessions clean-up phase starting NOW
[INFO  - 2016-09-30T12:32:01.552Z] SessionManagerReqHand - _cleanupWindowlessSessions - Asynchronous Sessions clean-up phase starting NOW
[INFO  - 2016-09-30T12:32:59.626Z] SessionManagerReqHand - _cleanupWindowlessSessions - Asynchronous Sessions clean-up phase starting NOW
[INFO  - 2016-09-30T12:36:01.176Z] SessionManagerReqHand - _cleanupWindowlessSessions - Asynchronous Sessions clean-up phase starting NOW
[INFO  - 2016-09-30T12:37:01.552Z] SessionManagerReqHand - _cleanupWindowlessSessions - Asynchronous Sessions clean-up phase starting NOW
[INFO  - 2016-09-30T12:37:59.626Z] SessionManagerReqHand - _cleanupWindowlessSessions - Asynchronous Sessions clean-up phase starting NOW
[INFO  - 2016-09-30T12:41:01.176Z] SessionManagerReqHand - _cleanupWindowlessSessions - Asynchronous Sessions clean-up phase starting NOW
[INFO  - 2016-09-30T12:42:01.552Z] SessionManagerReqHand - _cleanupWindowlessSessions - Asynchronous Sessions clean-up phase starting NOW
[INFO  - 2016-09-30T12:42:59.626Z] SessionManagerReqHand - _cleanupWindowlessSessions - Asynchronous Sessions clean-up phase starting NOW
[INFO  - 2016-09-30T12:46:01.176Z] SessionManagerReqHand - _cleanupWindowlessSessions - Asynchronous Sessions clean-up phase starting NOW
[INFO  - 2016-09-30T12:47:01.552Z] SessionManagerReqHand - _cleanupWindowlessSessions - Asynchronous Sessions clean-up phase starting NOW
[INFO  - 2016-09-30T12:47:59.626Z] SessionManagerReqHand - _cleanupWindowlessSessions - Asynchronous Sessions clean-up phase starting NOW
[INFO  - 2016-09-30T12:48:06.322Z] GhostDriver - Main - running on port 26380
[INFO  - 2016-09-30T12:48:06.376Z] Session [22270a40-870c-11e6-b1fc-594d79fd7c24] - page.settings - {"XSSAuditingEnabled":false,"javascriptCanCloseWindows":true,"javascriptCanOpenWindows":true,"javascriptEnabled":true,"loadImages":true,"localToRemoteUrlAccessEnabled":false,"userAgent":"Mozilla/5.0 (Unknown; Linux x86_64) AppleWebKit/538.1 (KHTML, like Gecko) PhantomJS/2.1.1 Safari/538.1","webSecurityEnabled":true}
[INFO  - 2016-09-30T12:48:06.376Z] Session [22270a40-870c-11e6-b1fc-594d79fd7c24] - page.customHeaders:  - {}
[INFO  - 2016-09-30T12:48:06.376Z] Session [22270a40-870c-11e6-b1fc-594d79fd7c24] - Session.negotiatedCapabilities - {"browserName":"phantomjs","version":"2.1.1","driverName":"ghostdriver","driverVersion":"1.2.0","platform":"linux-unknown-64bit","javascriptEnabled":true,"takesScreenshot":true,"handlesAlerts":false,"databaseEnabled":false,"locationContextEnabled":false,"applicationCacheEnabled":false,"browserConnectionEnabled":false,"cssSelectorsEnabled":true,"webStorageEnabled":false,"rotatable":false,"acceptSslCerts":false,"nativeEvents":true,"proxy":{"proxyType":"direct"}}
[INFO  - 2016-09-30T12:48:06.377Z] SessionManagerReqHand - _postNewSessionCommand - New Session Created: 22270a40-870c-11e6-b1fc-594d79fd7c24
[INFO  - 2016-09-30T12:51:01.176Z] SessionManagerReqHand - _cleanupWindowlessSessions - Asynchronous Sessions clean-up phase starting NOW
[INFO  - 2016-09-30T12:52:01.552Z] SessionManagerReqHand - _cleanupWindowlessSessions - Asynchronous Sessions clean-up phase starting NOW
[INFO  - 2016-09-30T12:52:59.627Z] SessionManagerReqHand - _cleanupWindowlessSessions - Asynchronous Sessions clean-up phase starting NOW
[INFO  - 2016-09-30T12:56:01.177Z] SessionManagerReqHand - _cleanupWindowlessSessions - Asynchronous Sessions clean-up phase starting NOW
[INFO  - 2016-09-30T12:57:01.552Z] SessionManagerReqHand - _cleanupWindowlessSessions - Asynchronous Sessions clean-up phase starting NOW
[INFO  - 2016-09-30T12:57:59.626Z] SessionManagerReqHand - _cleanupWindowlessSessions - Asynchronous Sessions clean-up phase starting NOW
[INFO  - 2016-09-30T13:01:01.176Z] SessionManagerReqHand - _cleanupWindowlessSessions - Asynchronous Sessions clean-up phase starting NOW
[INFO  - 2016-09-30T13:02:01.552Z] SessionManagerReqHand - _cleanupWindowlessSessions - Asynchronous Sessions clean-up phase starting NOW
[INFO  - 2016-09-30T13:14:37.947Z] GhostDriver - Main - running on port 31722
[INFO  - 2016-09-30T13:14:38.000Z] Session [d6d56fb0-870f-11e6-8dbe-7bbd9a62295c] - page.settings - {"XSSAuditingEnabled":false,"javascriptCanCloseWindows":true,"javascriptCanOpenWindows":true,"javascriptEnabled":true,"loadImages":true,"localToRemoteUrlAccessEnabled":false,"userAgent":"Mozilla/5.0 (Unknown; Linux x86_64) AppleWebKit/538.1 (KHTML, like Gecko) PhantomJS/2.1.1 Safari/538.1","webSecurityEnabled":true}
[INFO  - 2016-09-30T13:14:38.000Z] Session [d6d56fb0-870f-11e6-8dbe-7bbd9a62295c] - page.customHeaders:  - {}
[INFO  - 2016-09-30T13:14:38.000Z] Session [d6d56fb0-870f-11e6-8dbe-7bbd9a62295c] - Session.negotiatedCapabilities - {"browserName":"phantomjs","version":"2.1.1","driverName":"ghostdriver","driverVersion":"1.2.0","platform":"linux-unknown-64bit","javascriptEnabled":true,"takesScreenshot":true,"handlesAlerts":false,"databaseEnabled":false,"locationContextEnabled":false,"applicationCacheEnabled":false,"browserConnectionEnabled":false,"cssSelectorsEnabled":true,"webStorageEnabled":false,"rotatable":false,"acceptSslCerts":false,"nativeEvents":true,"proxy":{"proxyType":"direct"}}
[INFO  - 2016-09-30T13:14:38.000Z] SessionManagerReqHand - _postNewSessionCommand - New Session Created: d6d56fb0-870f-11e6-8dbe-7bbd9a62295c
[INFO  - 2016-09-30T13:15:31.148Z] ShutdownReqHand - _handle - About to shutdown
[INFO  - 2016-09-30T13:20:18.615Z] GhostDriver - Main - running on port 6205
[INFO  - 2016-09-30T13:20:18.674Z] Session [a1e3dbb0-8710-11e6-bedd-ed989757b518] - page.settings - {"XSSAuditingEnabled":false,"javascriptCanCloseWindows":true,"javascriptCanOpenWindows":true,"javascriptEnabled":true,"loadImages":true,"localToRemoteUrlAccessEnabled":false,"userAgent":"Mozilla/5.0 (Unknown; Linux x86_64) AppleWebKit/538.1 (KHTML, like Gecko) PhantomJS/2.1.1 Safari/538.1","webSecurityEnabled":true}
[INFO  - 2016-09-30T13:20:18.674Z] Session [a1e3dbb0-8710-11e6-bedd-ed989757b518] - page.customHeaders:  - {}
[INFO  - 2016-09-30T13:20:18.675Z] Session [a1e3dbb0-8710-11e6-bedd-ed989757b518] - Session.negotiatedCapabilities - {"browserName":"phantomjs","version":"2.1.1","driverName":"ghostdriver","driverVersion":"1.2.0","platform":"linux-unknown-64bit","javascriptEnabled":true,"takesScreenshot":true,"handlesAlerts":false,"databaseEnabled":false,"locationContextEnabled":false,"applicationCacheEnabled":false,"browserConnectionEnabled":false,"cssSelectorsEnabled":true,"webStorageEnabled":false,"rotatable":false,"acceptSslCerts":false,"nativeEvents":true,"proxy":{"proxyType":"direct"}}
[INFO  - 2016-09-30T13:20:18.675Z] SessionManagerReqHand - _postNewSessionCommand - New Session Created: a1e3dbb0-8710-11e6-bedd-ed989757b518
[INFO  - 2016-09-30T13:23:54.005Z] GhostDriver - Main - running on port 17764
[INFO  - 2016-09-30T13:23:54.061Z] Session [22459c80-8711-11e6-a27b-ffe5a23157a4] - page.settings - {"XSSAuditingEnabled":false,"javascriptCanCloseWindows":true,"javascriptCanOpenWindows":true,"javascriptEnabled":true,"loadImages":true,"localToRemoteUrlAccessEnabled":false,"userAgent":"Mozilla/5.0 (Unknown; Linux x86_64) AppleWebKit/538.1 (KHTML, like Gecko) PhantomJS/2.1.1 Safari/538.1","webSecurityEnabled":true}
[INFO  - 2016-09-30T13:23:54.061Z] Session [22459c80-8711-11e6-a27b-ffe5a23157a4] - page.customHeaders:  - {}
[INFO  - 2016-09-30T13:23:54.061Z] Session [22459c80-8711-11e6-a27b-ffe5a23157a4] - Session.negotiatedCapabilities - {"browserName":"phantomjs","version":"2.1.1","driverName":"ghostdriver","driverVersion":"1.2.0","platform":"linux-unknown-64bit","javascriptEnabled":true,"takesScreenshot":true,"handlesAlerts":false,"databaseEnabled":false,"locationContextEnabled":false,"applicationCacheEnabled":false,"browserConnectionEnabled":false,"cssSelectorsEnabled":true,"webStorageEnabled":false,"rotatable":false,"acceptSslCerts":false,"nativeEvents":true,"proxy":{"proxyType":"direct"}}
[INFO  - 2016-09-30T13:23:54.061Z] SessionManagerReqHand - _postNewSessionCommand - New Session Created: 22459c80-8711-11e6-a27b-ffe5a23157a4
[INFO  - 2016-09-30T13:25:18.624Z] SessionManagerReqHand - _cleanupWindowlessSessions - Asynchronous Sessions clean-up phase starting NOW
[ERROR - 2016-09-30T13:28:29.601Z] RouterReqHand - _handle.error - {"name":"Unknown Command","message":"{\"headers\":{\"Host\":\"kiwiproxychecker.sioru.com\"},\"httpVersion\":\"1.0\",\"method\":\"GET\",\"url\":\"/\",\"urlParsed\":{\"anchor\":\"\",\"query\":\"\",\"file\":\"\",\"directory\":\"/\",\"path\":\"/\",\"relative\":\"/\",\"port\":\"\",\"host\":\"\",\"password\":\"\",\"user\":\"\",\"userInfo\":\"\",\"authority\":\"\",\"protocol\":\"\",\"source\":\"/\",\"queryKey\":{},\"chunks\":[\"\"]}}","line":83,"sourceURL":"phantomjs://code/router_request_handler.js","stack":"_handle@phantomjs://code/router_request_handler.js:83:68"}
[ERROR - 2016-09-30T13:28:29.604Z] RouterReqHand - _handle.error - {"name":"Unknown Command","message":"{\"headers\":{\"Host\":\"kiwiproxychecker.sioru.com\"},\"httpVersion\":\"1.0\",\"method\":\"GET\",\"url\":\"/\",\"urlParsed\":{\"anchor\":\"\",\"query\":\"\",\"file\":\"\",\"directory\":\"/\",\"path\":\"/\",\"relative\":\"/\",\"port\":\"\",\"host\":\"\",\"password\":\"\",\"user\":\"\",\"userInfo\":\"\",\"authority\":\"\",\"protocol\":\"\",\"source\":\"/\",\"queryKey\":{},\"chunks\":[\"\"]}}","line":83,"sourceURL":"phantomjs://code/router_request_handler.js","stack":"_handle@phantomjs://code/router_request_handler.js:83:68"}
[INFO  - 2016-09-30T13:28:54.004Z] SessionManagerReqHand - _cleanupWindowlessSessions - Asynchronous Sessions clean-up phase starting NOW
[INFO  - 2016-09-30T13:30:18.624Z] SessionManagerReqHand - _cleanupWindowlessSessions - Asynchronous Sessions clean-up phase starting NOW
[INFO  - 2016-09-30T13:30:59.583Z] GhostDriver - Main - running on port 13732
[INFO  - 2016-09-30T13:30:59.639Z] Session [1fefa920-8712-11e6-a37d-136e418aebe7] - page.settings - {"XSSAuditingEnabled":false,"javascriptCanCloseWindows":true,"javascriptCanOpenWindows":true,"javascriptEnabled":true,"loadImages":true,"localToRemoteUrlAccessEnabled":false,"userAgent":"Mozilla/5.0 (Unknown; Linux x86_64) AppleWebKit/538.1 (KHTML, like Gecko) PhantomJS/2.1.1 Safari/538.1","webSecurityEnabled":true}
[INFO  - 2016-09-30T13:30:59.639Z] Session [1fefa920-8712-11e6-a37d-136e418aebe7] - page.customHeaders:  - {}
[INFO  - 2016-09-30T13:30:59.639Z] Session [1fefa920-8712-11e6-a37d-136e418aebe7] - Session.negotiatedCapabilities - {"browserName":"phantomjs","version":"2.1.1","driverName":"ghostdriver","driverVersion":"1.2.0","platform":"linux-unknown-64bit","javascriptEnabled":true,"takesScreenshot":true,"handlesAlerts":false,"databaseEnabled":false,"locationContextEnabled":false,"applicationCacheEnabled":false,"browserConnectionEnabled":false,"cssSelectorsEnabled":true,"webStorageEnabled":false,"rotatable":false,"acceptSslCerts":false,"nativeEvents":true,"proxy":{"proxyType":"direct"}}
[INFO  - 2016-09-30T13:30:59.639Z] SessionManagerReqHand - _postNewSessionCommand - New Session Created: 1fefa920-8712-11e6-a37d-136e418aebe7
[INFO  - 2016-09-30T13:35:18.625Z] SessionManagerReqHand - _cleanupWindowlessSessions - Asynchronous Sessions clean-up phase starting NOW
[INFO  - 2016-09-30T13:35:59.586Z] SessionManagerReqHand - _cleanupWindowlessSessions - Asynchronous Sessions clean-up phase starting NOW
[INFO  - 2016-09-30T13:40:18.625Z] SessionManagerReqHand - _cleanupWindowlessSessions - Asynchronous Sessions clean-up phase starting NOW
[INFO  - 2016-09-30T13:45:18.625Z] SessionManagerReqHand - _cleanupWindowlessSessions - Asynchronous Sessions clean-up phase starting NOW
[INFO  - 2016-09-30T13:50:18.625Z] SessionManagerReqHand - _cleanupWindowlessSessions - Asynchronous Sessions clean-up phase starting NOW
[INFO  - 2016-09-30T13:55:18.625Z] SessionManagerReqHand - _cleanupWindowlessSessions - Asynchronous Sessions clean-up phase starting NOW
[INFO  - 2016-09-30T14:00:18.625Z] SessionManagerReqHand - _cleanupWindowlessSessions - Asynchronous Sessions clean-up phase starting NOW
[INFO  - 2016-09-30T14:05:18.625Z] SessionManagerReqHand - _cleanupWindowlessSessions - Asynchronous Sessions clean-up phase starting NOW
[INFO  - 2016-09-30T14:10:18.625Z] SessionManagerReqHand - _cleanupWindowlessSessions - Asynchronous Sessions clean-up phase starting NOW
[INFO  - 2016-09-30T14:15:18.625Z] SessionManagerReqHand - _cleanupWindowlessSessions - Asynchronous Sessions clean-up phase starting NOW
[INFO  - 2016-09-30T14:20:18.625Z] SessionManagerReqHand - _cleanupWindowlessSessions - Asynchronous Sessions clean-up phase starting NOW
[INFO  - 2016-09-30T14:25:18.625Z] SessionManagerReqHand - _cleanupWindowlessSessions - Asynchronous Sessions clean-up phase starting NOW
[ERROR - 2016-09-30T14:28:29.578Z] RouterReqHand - _handle.error - {"name":"Unknown Command","message":"{\"headers\":{\"Host\":\"kiwiproxychecker.sioru.com\"},\"httpVersion\":\"1.0\",\"method\":\"GET\",\"url\":\"/\",\"urlParsed\":{\"anchor\":\"\",\"query\":\"\",\"file\":\"\",\"directory\":\"/\",\"path\":\"/\",\"relative\":\"/\",\"port\":\"\",\"host\":\"\",\"password\":\"\",\"user\":\"\",\"userInfo\":\"\",\"authority\":\"\",\"protocol\":\"\",\"source\":\"/\",\"queryKey\":{},\"chunks\":[\"\"]}}","line":83,"sourceURL":"phantomjs://code/router_request_handler.js","stack":"_handle@phantomjs://code/router_request_handler.js:83:68"}
[INFO  - 2016-09-30T14:30:18.625Z] SessionManagerReqHand - _cleanupWindowlessSessions - Asynchronous Sessions clean-up phase starting NOW
[INFO  - 2016-09-30T14:58:11.783Z] GhostDriver - Main - running on port 12874
[INFO  - 2016-09-30T14:58:11.978Z] Session [4ea73b50-871e-11e6-9a6c-57c80f528584] - page.settings - {"XSSAuditingEnabled":false,"javascriptCanCloseWindows":true,"javascriptCanOpenWindows":true,"javascriptEnabled":true,"loadImages":true,"localToRemoteUrlAccessEnabled":false,"userAgent":"Mozilla/5.0 (Unknown; Linux x86_64) AppleWebKit/538.1 (KHTML, like Gecko) PhantomJS/2.1.1 Safari/538.1","webSecurityEnabled":true}
[INFO  - 2016-09-30T14:58:11.978Z] Session [4ea73b50-871e-11e6-9a6c-57c80f528584] - page.customHeaders:  - {}
[INFO  - 2016-09-30T14:58:11.979Z] Session [4ea73b50-871e-11e6-9a6c-57c80f528584] - Session.negotiatedCapabilities - {"browserName":"phantomjs","version":"2.1.1","driverName":"ghostdriver","driverVersion":"1.2.0","platform":"linux-unknown-64bit","javascriptEnabled":true,"takesScreenshot":true,"handlesAlerts":false,"databaseEnabled":false,"locationContextEnabled":false,"applicationCacheEnabled":false,"browserConnectionEnabled":false,"cssSelectorsEnabled":true,"webStorageEnabled":false,"rotatable":false,"acceptSslCerts":false,"nativeEvents":true,"proxy":{"proxyType":"direct"}}
[INFO  - 2016-09-30T14:58:11.979Z] SessionManagerReqHand - _postNewSessionCommand - New Session Created: 4ea73b50-871e-11e6-9a6c-57c80f528584
[INFO  - 2016-09-30T15:03:11.783Z] SessionManagerReqHand - _cleanupWindowlessSessions - Asynchronous Sessions clean-up phase starting NOW
[INFO  - 2016-09-30T15:08:11.783Z] SessionManagerReqHand - _cleanupWindowlessSessions - Asynchronous Sessions clean-up phase starting NOW
[INFO  - 2016-09-30T15:13:11.783Z] SessionManagerReqHand - _cleanupWindowlessSessions - Asynchronous Sessions clean-up phase starting NOW
[INFO  - 2016-09-30T15:18:11.783Z] SessionManagerReqHand - _cleanupWindowlessSessions - Asynchronous Sessions clean-up phase starting NOW
[INFO  - 2016-09-30T15:23:11.783Z] SessionManagerReqHand - _cleanupWindowlessSessions - Asynchronous Sessions clean-up phase starting NOW
[INFO  - 2016-09-30T15:28:11.783Z] SessionManagerReqHand - _cleanupWindowlessSessions - Asynchronous Sessions clean-up phase starting NOW
[ERROR - 2016-09-30T15:28:28.373Z] RouterReqHand - _handle.error - {"name":"Unknown Command","message":"{\"headers\":{\"Host\":\"kiwiproxychecker.sioru.com\"},\"httpVersion\":\"1.0\",\"method\":\"GET\",\"url\":\"/\",\"urlParsed\":{\"anchor\":\"\",\"query\":\"\",\"file\":\"\",\"directory\":\"/\",\"path\":\"/\",\"relative\":\"/\",\"port\":\"\",\"host\":\"\",\"password\":\"\",\"user\":\"\",\"userInfo\":\"\",\"authority\":\"\",\"protocol\":\"\",\"source\":\"/\",\"queryKey\":{},\"chunks\":[\"\"]}}","line":83,"sourceURL":"phantomjs://code/router_request_handler.js","stack":"_handle@phantomjs://code/router_request_handler.js:83:68"}
[INFO  - 2016-09-30T15:33:11.783Z] SessionManagerReqHand - _cleanupWindowlessSessions - Asynchronous Sessions clean-up phase starting NOW
[INFO  - 2016-09-30T15:34:10.843Z] ShutdownReqHand - _handle - About to shutdown
